{
  "stats": {
    "suites": 1,
    "tests": 6,
    "passes": 6,
    "pending": 0,
    "failures": 0,
    "start": "2025-01-15T00:09:05.288Z",
    "end": "2025-01-15T00:09:05.546Z",
    "duration": 258,
    "testsRegistered": 6,
    "passPercent": 100,
    "pendingPercent": 0,
    "other": 0,
    "hasOther": false,
    "skipped": 0,
    "hasSkipped": false
  },
  "results": [
    {
      "uuid": "f7d89e8e-2d6c-45bc-a40a-77de139891f8",
      "title": "",
      "fullFile": "cypress/e2e/exercicio-api.cy.js",
      "file": "cypress/e2e/exercicio-api.cy.js",
      "beforeHooks": [],
      "afterHooks": [],
      "tests": [],
      "suites": [
        {
          "uuid": "14738e73-dddb-435b-9de6-8f5a5a2f4fed",
          "title": "Testes da Funcionalidade Usuários",
          "fullFile": "",
          "file": "",
          "beforeHooks": [],
          "afterHooks": [],
          "tests": [
            {
              "title": "Deve validar contrato de usuários",
              "fullTitle": "Testes da Funcionalidade Usuários Deve validar contrato de usuários",
              "timedOut": null,
              "duration": 54,
              "state": "passed",
              "speed": "fast",
              "pass": true,
              "fail": false,
              "pending": false,
              "context": null,
              "code": "cy.request('usuarios').then(response => {\n  return _usuarios.default.validateAsync(response.body);\n});",
              "err": {},
              "uuid": "c3689a29-b2d0-4494-b1e4-a7bcf516c0b9",
              "parentUUID": "14738e73-dddb-435b-9de6-8f5a5a2f4fed",
              "isHook": false,
              "skipped": false
            },
            {
              "title": "Deve listar usuários cadastrados",
              "fullTitle": "Testes da Funcionalidade Usuários Deve listar usuários cadastrados",
              "timedOut": null,
              "duration": 16,
              "state": "passed",
              "speed": "fast",
              "pass": true,
              "fail": false,
              "pending": false,
              "context": null,
              "code": "cy.request({\n  method: 'GET',\n  url: 'usuarios'\n}).then(response => {\n  expect(response.status).to.equal(200);\n});",
              "err": {},
              "uuid": "6d6beb55-c722-4e43-8484-9140935ad859",
              "parentUUID": "14738e73-dddb-435b-9de6-8f5a5a2f4fed",
              "isHook": false,
              "skipped": false
            },
            {
              "title": "Deve cadastrar um usuário com sucesso",
              "fullTitle": "Testes da Funcionalidade Usuários Deve cadastrar um usuário com sucesso",
              "timedOut": null,
              "duration": 25,
              "state": "passed",
              "speed": "fast",
              "pass": true,
              "fail": false,
              "pending": false,
              "context": null,
              "code": "let emailFaker = faker.internet.email();\nlet nomeUsuario = faker.person.fullName();\ncy.criarUsuario(nomeUsuario, emailFaker, 'teste@123', 'true').then(response => {\n  expect(response.body.message).to.equal('Cadastro realizado com sucesso');\n  expect(response.status).to.equal(201);\n});",
              "err": {},
              "uuid": "f4429738-d475-48a6-8a73-41769d511cbd",
              "parentUUID": "14738e73-dddb-435b-9de6-8f5a5a2f4fed",
              "isHook": false,
              "skipped": false
            },
            {
              "title": "Deve validar um usuário com email inválido",
              "fullTitle": "Testes da Funcionalidade Usuários Deve validar um usuário com email inválido",
              "timedOut": null,
              "duration": 11,
              "state": "passed",
              "speed": "fast",
              "pass": true,
              "fail": false,
              "pending": false,
              "context": null,
              "code": "cy.criarUsuario('Usuário EBAC Novo', 'usuarionovo789@ebac.com', 'teste', 'true').then(response => {\n  expect(response.body.message).to.equal('Este email já está sendo usado');\n  expect(response.status).to.equal(400);\n});",
              "err": {},
              "uuid": "1b0b87df-d64e-4286-affe-89cf08f74e26",
              "parentUUID": "14738e73-dddb-435b-9de6-8f5a5a2f4fed",
              "isHook": false,
              "skipped": false
            },
            {
              "title": "Deve editar um usuário previamente cadastrado",
              "fullTitle": "Testes da Funcionalidade Usuários Deve editar um usuário previamente cadastrado",
              "timedOut": null,
              "duration": 18,
              "state": "passed",
              "speed": "fast",
              "pass": true,
              "fail": false,
              "pending": false,
              "context": null,
              "code": "let emailFaker = faker.internet.email();\nlet nomeUsuario = faker.person.fullName();\ncy.criarUsuario(nomeUsuario, emailFaker, 'teste@123', 'true').then(response => {\n  let id = response.body._id;\n  cy.request({\n    method: 'PUT',\n    url: `usuarios/${id}`,\n    body: {\n      \"nome\": nomeUsuario,\n      \"email\": emailFaker,\n      \"password\": \"teste@123\",\n      \"administrador\": \"true\"\n    }\n  });\n}).then(response => {\n  expect(response.body.message).to.equal('Registro alterado com sucesso');\n  expect(response.status).to.equal(200);\n});",
              "err": {},
              "uuid": "6e5b2d18-4203-4cdf-a4d5-48fb51e0d4ad",
              "parentUUID": "14738e73-dddb-435b-9de6-8f5a5a2f4fed",
              "isHook": false,
              "skipped": false
            },
            {
              "title": "Deve deletar um usuário previamente cadastrado",
              "fullTitle": "Testes da Funcionalidade Usuários Deve deletar um usuário previamente cadastrado",
              "timedOut": null,
              "duration": 33,
              "state": "passed",
              "speed": "fast",
              "pass": true,
              "fail": false,
              "pending": false,
              "context": null,
              "code": "let emailFaker = faker.internet.email();\nlet nomeUsuario = faker.person.fullName();\ncy.criarUsuario(nomeUsuario, emailFaker, 'teste@123', 'true').then(response => {\n  let id = response.body._id;\n  expect(response.body.message).to.equal('Cadastro realizado com sucesso');\n  cy.request({\n    method: 'DELETE',\n    url: `usuarios/${id}`\n  }).then(response => {\n    expect(response.body.message).to.equal('Registro excluído com sucesso');\n    expect(response.status).to.equal(200);\n  });\n});",
              "err": {},
              "uuid": "874a9344-cf7d-4246-977d-68042e4a15c4",
              "parentUUID": "14738e73-dddb-435b-9de6-8f5a5a2f4fed",
              "isHook": false,
              "skipped": false
            }
          ],
          "suites": [],
          "passes": [
            "c3689a29-b2d0-4494-b1e4-a7bcf516c0b9",
            "6d6beb55-c722-4e43-8484-9140935ad859",
            "f4429738-d475-48a6-8a73-41769d511cbd",
            "1b0b87df-d64e-4286-affe-89cf08f74e26",
            "6e5b2d18-4203-4cdf-a4d5-48fb51e0d4ad",
            "874a9344-cf7d-4246-977d-68042e4a15c4"
          ],
          "failures": [],
          "pending": [],
          "skipped": [],
          "duration": 157,
          "root": false,
          "rootEmpty": false,
          "_timeout": 2000
        }
      ],
      "passes": [],
      "failures": [],
      "pending": [],
      "skipped": [],
      "duration": 0,
      "root": true,
      "rootEmpty": true,
      "_timeout": 2000
    }
  ],
  "meta": {
    "mocha": {
      "version": "7.0.1"
    },
    "mochawesome": {
      "options": {
        "quiet": false,
        "reportFilename": "index.html",
        "saveHtml": true,
        "saveJson": true,
        "consoleReporter": "spec",
        "useInlineDiffs": false,
        "code": true
      },
      "version": "7.1.3"
    },
    "marge": {
      "options": {
        "reportDir": "mochawesome-report",
        "reportFilename": "index.html",
        "overwrite": true,
        "html": true,
        "json": true
      },
      "version": "6.2.0"
    }
  }
}